0 info it worked if it ends with ok
1 verbose cli [ 'C:\\Program Files (x86)\\nodejs\\\\node.exe',
1 verbose cli   'C:\\Program Files (x86)\\nodejs\\node_modules\\npm\\bin\\npm-cli.js',
1 verbose cli   'install',
1 verbose cli   'sleep' ]
2 info using npm@2.15.1
3 info using node@v0.12.14
4 verbose install initial load of F:\Columbia\Semester 3\PIE\IntelliBot\package.json
5 verbose installManyTop reading scoped package data from F:\Columbia\Semester 3\PIE\IntelliBot\node_modules\angular\package.json
6 verbose installManyTop reading scoped package data from F:\Columbia\Semester 3\PIE\IntelliBot\node_modules\angular-animate\package.json
7 verbose installManyTop reading scoped package data from F:\Columbia\Semester 3\PIE\IntelliBot\node_modules\angular-aria\package.json
8 verbose installManyTop reading scoped package data from F:\Columbia\Semester 3\PIE\IntelliBot\node_modules\angular-material\package.json
9 verbose installManyTop reading scoped package data from F:\Columbia\Semester 3\PIE\IntelliBot\node_modules\angular-route\package.json
10 verbose installManyTop reading scoped package data from F:\Columbia\Semester 3\PIE\IntelliBot\node_modules\body-parser\package.json
11 verbose installManyTop reading scoped package data from F:\Columbia\Semester 3\PIE\IntelliBot\node_modules\cookie-parser\package.json
12 verbose installManyTop reading scoped package data from F:\Columbia\Semester 3\PIE\IntelliBot\node_modules\express\package.json
13 verbose installManyTop reading scoped package data from F:\Columbia\Semester 3\PIE\IntelliBot\node_modules\multer\package.json
14 verbose installManyTop reading scoped package data from F:\Columbia\Semester 3\PIE\IntelliBot\node_modules\natural-brain\package.json
15 verbose installManyTop reading scoped package data from F:\Columbia\Semester 3\PIE\IntelliBot\node_modules\ws\package.json
16 info package.json angular-material@1.1.0-rc.5 No license field.
17 verbose readDependencies loading dependencies from F:\Columbia\Semester 3\PIE\IntelliBot\package.json
18 silly cache add args [ 'sleep@^5.0.0', null ]
19 verbose cache add spec sleep@^5.0.0
20 silly cache add parsed spec { raw: 'sleep@^5.0.0',
20 silly cache add   scope: null,
20 silly cache add   name: 'sleep',
20 silly cache add   rawSpec: '^5.0.0',
20 silly cache add   spec: '>=5.0.0 <6.0.0',
20 silly cache add   type: 'range' }
21 silly addNamed sleep@>=5.0.0 <6.0.0
22 verbose addNamed ">=5.0.0 <6.0.0" is a valid semver range for sleep
23 silly addNameRange { name: 'sleep', range: '>=5.0.0 <6.0.0', hasData: false }
24 silly mapToRegistry name sleep
25 silly mapToRegistry using default registry
26 silly mapToRegistry registry https://registry.npmjs.org/
27 silly mapToRegistry data { raw: 'sleep',
27 silly mapToRegistry   scope: null,
27 silly mapToRegistry   name: 'sleep',
27 silly mapToRegistry   rawSpec: '',
27 silly mapToRegistry   spec: 'latest',
27 silly mapToRegistry   type: 'tag' }
28 silly mapToRegistry uri https://registry.npmjs.org/sleep
29 verbose addNameRange registry:https://registry.npmjs.org/sleep not in flight; fetching
30 verbose request uri https://registry.npmjs.org/sleep
31 verbose request no auth needed
32 info attempt registry request try #1 at 12:36:14 AM
33 verbose request id 555bd12ca7bdc5d0
34 verbose etag W/"5826f3f8-4cf6"
35 verbose lastModified Sat, 12 Nov 2016 10:50:32 GMT
36 http request GET https://registry.npmjs.org/sleep
37 http 304 https://registry.npmjs.org/sleep
38 verbose headers { date: 'Thu, 24 Nov 2016 05:36:15 GMT',
38 verbose headers   via: '1.1 varnish',
38 verbose headers   'cache-control': 'max-age=300',
38 verbose headers   etag: 'W/"5826f3f8-4cf6"',
38 verbose headers   age: '38',
38 verbose headers   connection: 'keep-alive',
38 verbose headers   'x-served-by': 'cache-jfk8150-JFK',
38 verbose headers   'x-cache': 'HIT',
38 verbose headers   'x-cache-hits': '1',
38 verbose headers   'x-timer': 'S1479965775.754047,VS0,VE0',
38 verbose headers   vary: 'Accept-Encoding' }
39 silly get cb [ 304,
39 silly get   { date: 'Thu, 24 Nov 2016 05:36:15 GMT',
39 silly get     via: '1.1 varnish',
39 silly get     'cache-control': 'max-age=300',
39 silly get     etag: 'W/"5826f3f8-4cf6"',
39 silly get     age: '38',
39 silly get     connection: 'keep-alive',
39 silly get     'x-served-by': 'cache-jfk8150-JFK',
39 silly get     'x-cache': 'HIT',
39 silly get     'x-cache-hits': '1',
39 silly get     'x-timer': 'S1479965775.754047,VS0,VE0',
39 silly get     vary: 'Accept-Encoding' } ]
40 verbose etag https://registry.npmjs.org/sleep from cache
41 verbose get saving sleep to C:\Users\Hp\AppData\Roaming\npm-cache\registry.npmjs.org\sleep\.cache.json
42 verbose correctMkdir C:\Users\Hp\AppData\Roaming\npm-cache correctMkdir not in flight; initializing
43 silly addNameRange number 2 { name: 'sleep', range: '>=5.0.0 <6.0.0', hasData: true }
44 silly addNameRange versions [ 'sleep',
44 silly addNameRange   [ '1.0.0',
44 silly addNameRange     '1.0.1',
44 silly addNameRange     '1.0.2',
44 silly addNameRange     '1.1.0',
44 silly addNameRange     '1.1.1',
44 silly addNameRange     '1.1.2',
44 silly addNameRange     '1.1.3',
44 silly addNameRange     '1.1.4',
44 silly addNameRange     '1.1.5',
44 silly addNameRange     '1.1.6',
44 silly addNameRange     '1.1.7',
44 silly addNameRange     '1.1.8',
44 silly addNameRange     '1.2.0',
44 silly addNameRange     '2.0.0',
44 silly addNameRange     '3.0.0',
44 silly addNameRange     '3.0.1',
44 silly addNameRange     '4.0.0',
44 silly addNameRange     '5.0.0' ] ]
45 silly addNamed sleep@5.0.0
46 verbose addNamed "5.0.0" is a plain semver version for sleep
47 silly cache afterAdd sleep@5.0.0
48 verbose afterAdd C:\Users\Hp\AppData\Roaming\npm-cache\sleep\5.0.0\package\package.json not in flight; writing
49 verbose correctMkdir C:\Users\Hp\AppData\Roaming\npm-cache correctMkdir not in flight; initializing
50 verbose afterAdd C:\Users\Hp\AppData\Roaming\npm-cache\sleep\5.0.0\package\package.json written
51 silly install resolved [ { name: 'sleep',
51 silly install resolved     version: '5.0.0',
51 silly install resolved     main: 'index.js',
51 silly install resolved     description: 'Add sleep() and usleep() to nodejs',
51 silly install resolved     homepage: 'http://github.com/erikdubbelboer/node-sleep',
51 silly install resolved     author: { name: 'Erik Dubbelboer', email: 'erik@dubbelboer.com' },
51 silly install resolved     license: 'MIT',
51 silly install resolved     scripts: { test: 'mocha', install: 'node-gyp rebuild' },
51 silly install resolved     engines: { node: '>=0.8.0' },
51 silly install resolved     keywords: [ 'sleep', 'usleep' ],
51 silly install resolved     repository:
51 silly install resolved      { type: 'git',
51 silly install resolved        url: 'git+https://github.com/erikdubbelboer/node-sleep.git' },
51 silly install resolved     dependencies: { nan: '>=2.0.0' },
51 silly install resolved     devDependencies: { mocha: '^3.0.2' },
51 silly install resolved     gypfile: true,
51 silly install resolved     gitHead: 'dc7f78ebd7e954c08829f57b9f1ebf644f323d17',
51 silly install resolved     bugs: { url: 'https://github.com/erikdubbelboer/node-sleep/issues' },
51 silly install resolved     _id: 'sleep@5.0.0',
51 silly install resolved     _shasum: '565d29a1ded05290180b571643d2ea794025b5ef',
51 silly install resolved     _from: 'sleep@>=5.0.0 <6.0.0',
51 silly install resolved     _npmVersion: '2.14.12',
51 silly install resolved     _nodeVersion: '4.2.4',
51 silly install resolved     _npmUser: { name: 'erikdubbelboer', email: 'erik@dubbelboer.com' },
51 silly install resolved     maintainers: [ [Object] ],
51 silly install resolved     dist:
51 silly install resolved      { shasum: '565d29a1ded05290180b571643d2ea794025b5ef',
51 silly install resolved        tarball: 'https://registry.npmjs.org/sleep/-/sleep-5.0.0.tgz' },
51 silly install resolved     _npmOperationalInternal:
51 silly install resolved      { host: 'packages-18-east.internal.npmjs.com',
51 silly install resolved        tmp: 'tmp/sleep-5.0.0.tgz_1478947831685_0.38714105961844325' },
51 silly install resolved     directories: {},
51 silly install resolved     _resolved: 'https://registry.npmjs.org/sleep/-/sleep-5.0.0.tgz',
51 silly install resolved     readme: 'ERROR: No README data found!' } ]
52 info install sleep@5.0.0 into F:\Columbia\Semester 3\PIE\IntelliBot
53 info installOne sleep@5.0.0
54 verbose installOne of sleep to F:\Columbia\Semester 3\PIE\IntelliBot not in flight; installing
55 verbose correctMkdir C:\Users\Hp\AppData\Roaming\npm-cache\_locks correctMkdir not in flight; initializing
56 verbose lock using C:\Users\Hp\AppData\Roaming\npm-cache\_locks\sleep-9a387f9acde453ae.lock for F:\Columbia\Semester 3\PIE\IntelliBot\node_modules\sleep
57 silly install write writing sleep 5.0.0 to F:\Columbia\Semester 3\PIE\IntelliBot\node_modules\sleep
58 verbose unbuild node_modules\sleep
59 silly gentlyRm F:\Columbia\Semester 3\PIE\IntelliBot\node_modules\sleep is being purged from base F:\Columbia\Semester 3\PIE\IntelliBot
60 verbose gentlyRm don't care about contents; nuking F:\Columbia\Semester 3\PIE\IntelliBot\node_modules\sleep
61 verbose tar unpack C:\Users\Hp\AppData\Roaming\npm-cache\sleep\5.0.0\package.tgz
62 verbose tar unpacking to F:\Columbia\Semester 3\PIE\IntelliBot\node_modules\sleep
63 silly gentlyRm F:\Columbia\Semester 3\PIE\IntelliBot\node_modules\sleep is being purged
64 verbose gentlyRm don't care about contents; nuking F:\Columbia\Semester 3\PIE\IntelliBot\node_modules\sleep
65 silly gunzTarPerm modes [ '777', '666' ]
66 silly gunzTarPerm extractEntry package.json
67 silly gunzTarPerm modified mode [ 'package.json', 436, 438 ]
68 silly gunzTarPerm extractEntry .npmignore
69 silly gunzTarPerm modified mode [ '.npmignore', 436, 438 ]
70 silly gunzTarPerm extractEntry README.md
71 silly gunzTarPerm modified mode [ 'README.md', 436, 438 ]
72 silly gunzTarPerm extractEntry test.js
73 silly gunzTarPerm modified mode [ 'test.js', 436, 438 ]
74 silly gunzTarPerm extractEntry index.js
75 silly gunzTarPerm modified mode [ 'index.js', 436, 438 ]
76 silly gunzTarPerm extractEntry LICENSE.txt
77 silly gunzTarPerm modified mode [ 'LICENSE.txt', 436, 438 ]
78 silly gunzTarPerm extractEntry sleep.cc
79 silly gunzTarPerm modified mode [ 'sleep.cc', 436, 438 ]
80 silly gunzTarPerm extractEntry binding.gyp
81 silly gunzTarPerm modified mode [ 'binding.gyp', 436, 438 ]
82 verbose write writing to F:\Columbia\Semester 3\PIE\IntelliBot\node_modules\sleep\package.json
83 info preinstall sleep@5.0.0
84 verbose readDependencies loading dependencies from F:\Columbia\Semester 3\PIE\IntelliBot\node_modules\sleep\package.json
85 silly prepareForInstallMany adding nan@>=2.0.0 from sleep dependencies
86 verbose readDependencies loading dependencies from F:\Columbia\Semester 3\PIE\IntelliBot\node_modules\sleep\package.json
87 silly cache add args [ 'nan@>=2.0.0', null ]
88 verbose cache add spec nan@>=2.0.0
89 silly cache add parsed spec { raw: 'nan@>=2.0.0',
89 silly cache add   scope: null,
89 silly cache add   name: 'nan',
89 silly cache add   rawSpec: '>=2.0.0',
89 silly cache add   spec: '>=2.0.0',
89 silly cache add   type: 'range' }
90 silly addNamed nan@>=2.0.0
91 verbose addNamed ">=2.0.0" is a valid semver range for nan
92 silly addNameRange { name: 'nan', range: '>=2.0.0', hasData: false }
93 silly mapToRegistry name nan
94 silly mapToRegistry using default registry
95 silly mapToRegistry registry https://registry.npmjs.org/
96 silly mapToRegistry data { raw: 'nan',
96 silly mapToRegistry   scope: null,
96 silly mapToRegistry   name: 'nan',
96 silly mapToRegistry   rawSpec: '',
96 silly mapToRegistry   spec: 'latest',
96 silly mapToRegistry   type: 'tag' }
97 silly mapToRegistry uri https://registry.npmjs.org/nan
98 verbose addNameRange registry:https://registry.npmjs.org/nan not in flight; fetching
99 verbose request uri https://registry.npmjs.org/nan
100 verbose request no auth needed
101 info attempt registry request try #1 at 12:36:14 AM
102 verbose etag W/"5818d749-1ce1e"
103 verbose lastModified Tue, 01 Nov 2016 17:56:25 GMT
104 http request GET https://registry.npmjs.org/nan
105 http 304 https://registry.npmjs.org/nan
106 verbose headers { date: 'Thu, 24 Nov 2016 05:36:16 GMT',
106 verbose headers   via: '1.1 varnish',
106 verbose headers   'cache-control': 'max-age=300',
106 verbose headers   etag: 'W/"5818d749-1ce1e"',
106 verbose headers   age: '263',
106 verbose headers   connection: 'keep-alive',
106 verbose headers   'x-served-by': 'cache-jfk8132-JFK',
106 verbose headers   'x-cache': 'HIT',
106 verbose headers   'x-cache-hits': '1',
106 verbose headers   'x-timer': 'S1479965776.002638,VS0,VE0',
106 verbose headers   vary: 'Accept-Encoding' }
107 silly get cb [ 304,
107 silly get   { date: 'Thu, 24 Nov 2016 05:36:16 GMT',
107 silly get     via: '1.1 varnish',
107 silly get     'cache-control': 'max-age=300',
107 silly get     etag: 'W/"5818d749-1ce1e"',
107 silly get     age: '263',
107 silly get     connection: 'keep-alive',
107 silly get     'x-served-by': 'cache-jfk8132-JFK',
107 silly get     'x-cache': 'HIT',
107 silly get     'x-cache-hits': '1',
107 silly get     'x-timer': 'S1479965776.002638,VS0,VE0',
107 silly get     vary: 'Accept-Encoding' } ]
108 verbose etag https://registry.npmjs.org/nan from cache
109 verbose get saving nan to C:\Users\Hp\AppData\Roaming\npm-cache\registry.npmjs.org\nan\.cache.json
110 verbose correctMkdir C:\Users\Hp\AppData\Roaming\npm-cache correctMkdir not in flight; initializing
111 silly addNameRange number 2 { name: 'nan', range: '>=2.0.0', hasData: true }
112 silly addNameRange versions [ 'nan',
112 silly addNameRange   [ '0.3.0-wip',
112 silly addNameRange     '0.3.0-wip2',
112 silly addNameRange     '0.3.0',
112 silly addNameRange     '0.3.1',
112 silly addNameRange     '0.3.2',
112 silly addNameRange     '0.4.0',
112 silly addNameRange     '0.4.1',
112 silly addNameRange     '0.4.2',
112 silly addNameRange     '0.4.3',
112 silly addNameRange     '0.4.4',
112 silly addNameRange     '0.5.0',
112 silly addNameRange     '0.5.1',
112 silly addNameRange     '0.5.2',
112 silly addNameRange     '0.6.0',
112 silly addNameRange     '0.7.0',
112 silly addNameRange     '0.7.1',
112 silly addNameRange     '0.8.0',
112 silly addNameRange     '1.0.0',
112 silly addNameRange     '1.1.0',
112 silly addNameRange     '1.1.1',
112 silly addNameRange     '1.1.2',
112 silly addNameRange     '1.2.0',
112 silly addNameRange     '1.3.0',
112 silly addNameRange     '1.4.0',
112 silly addNameRange     '1.4.1',
112 silly addNameRange     '1.5.0',
112 silly addNameRange     '1.4.2',
112 silly addNameRange     '1.4.3',
112 silly addNameRange     '1.5.1',
112 silly addNameRange     '1.5.2',
112 silly addNameRange     '1.6.0',
112 silly addNameRange     '1.5.3',
112 silly addNameRange     '1.6.1',
112 silly addNameRange     '1.6.2',
112 silly addNameRange     '1.7.0',
112 silly addNameRange     '1.8.0',
112 silly addNameRange     '1.8.1',
112 silly addNameRange     '1.8.2',
112 silly addNameRange     '1.8.3',
112 silly addNameRange     '1.8.4',
112 silly addNameRange     '1.9.0',
112 silly addNameRange     '2.0.0',
112 silly addNameRange     '2.0.1',
112 silly addNameRange     '2.0.2',
112 silly addNameRange     '2.0.3',
112 silly addNameRange     '2.0.4',
112 silly addNameRange     '2.0.5',
112 silly addNameRange     '2.0.6',
112 silly addNameRange     '2.0.7',
112 silly addNameRange     '2.0.8',
112 silly addNameRange     '2.0.9',
112 silly addNameRange     '2.1.0',
112 silly addNameRange     '2.2.0',
112 silly addNameRange     '2.2.1',
112 silly addNameRange     '2.3.0',
112 silly addNameRange     '2.3.1',
112 silly addNameRange     '2.3.2',
112 silly addNameRange     '2.3.3',
112 silly addNameRange     '2.3.4',
112 silly addNameRange     '2.3.5',
112 silly addNameRange     '2.4.0' ] ]
113 silly addNamed nan@2.4.0
114 verbose addNamed "2.4.0" is a plain semver version for nan
115 silly cache afterAdd nan@2.4.0
116 verbose afterAdd C:\Users\Hp\AppData\Roaming\npm-cache\nan\2.4.0\package\package.json not in flight; writing
117 verbose correctMkdir C:\Users\Hp\AppData\Roaming\npm-cache correctMkdir not in flight; initializing
118 verbose afterAdd C:\Users\Hp\AppData\Roaming\npm-cache\nan\2.4.0\package\package.json written
119 silly install resolved [ { name: 'nan',
119 silly install resolved     version: '2.4.0',
119 silly install resolved     description: 'Native Abstractions for Node.js: C++ header for Node 0.8 -> 6 compatibility',
119 silly install resolved     main: 'include_dirs.js',
119 silly install resolved     repository: { type: 'git', url: 'git://github.com/nodejs/nan.git' },
119 silly install resolved     scripts:
119 silly install resolved      { test: 'tap --gc --stderr test/js/*-test.js',
119 silly install resolved        'rebuild-tests': 'node-gyp rebuild --msvs_version=2013 --directory test',
119 silly install resolved        docs: 'doc/.build.sh' },
119 silly install resolved     contributors:
119 silly install resolved      [ [Object],
119 silly install resolved        [Object],
119 silly install resolved        [Object],
119 silly install resolved        [Object],
119 silly install resolved        [Object],
119 silly install resolved        [Object],
119 silly install resolved        [Object] ],
119 silly install resolved     devDependencies:
119 silly install resolved      { bindings: '~1.2.1',
119 silly install resolved        commander: '^2.8.1',
119 silly install resolved        glob: '^5.0.14',
119 silly install resolved        'node-gyp': '~3.0.1',
119 silly install resolved        'readable-stream': '^2.1.4',
119 silly install resolved        tap: '~0.7.1',
119 silly install resolved        xtend: '~4.0.0' },
119 silly install resolved     license: 'MIT',
119 silly install resolved     bugs: { url: 'https://github.com/nodejs/nan/issues' },
119 silly install resolved     homepage: 'https://github.com/nodejs/nan#readme',
119 silly install resolved     _id: 'nan@2.4.0',
119 silly install resolved     _shasum: 'fb3c59d45fe4effe215f0b890f8adf6eb32d2232',
119 silly install resolved     _resolved: 'https://registry.npmjs.org/nan/-/nan-2.4.0.tgz',
119 silly install resolved     _from: 'nan@>=2.0.0',
119 silly install resolved     _npmVersion: '3.3.6',
119 silly install resolved     _nodeVersion: '5.0.0',
119 silly install resolved     _npmUser: { name: 'kkoopa', email: 'bbyholm@abo.fi' },
119 silly install resolved     dist:
119 silly install resolved      { shasum: 'fb3c59d45fe4effe215f0b890f8adf6eb32d2232',
119 silly install resolved        tarball: 'https://registry.npmjs.org/nan/-/nan-2.4.0.tgz' },
119 silly install resolved     maintainers: [ [Object], [Object] ],
119 silly install resolved     _npmOperationalInternal:
119 silly install resolved      { host: 'packages-16-east.internal.npmjs.com',
119 silly install resolved        tmp: 'tmp/nan-2.4.0.tgz_1468158679820_0.6951719264034182' },
119 silly install resolved     directories: {},
119 silly install resolved     readme: 'ERROR: No README data found!' } ]
120 info install nan@2.4.0 into F:\Columbia\Semester 3\PIE\IntelliBot\node_modules\sleep
121 info installOne nan@2.4.0
122 verbose installOne of nan to F:\Columbia\Semester 3\PIE\IntelliBot\node_modules\sleep not in flight; installing
123 verbose correctMkdir C:\Users\Hp\AppData\Roaming\npm-cache\_locks correctMkdir not in flight; initializing
124 verbose lock using C:\Users\Hp\AppData\Roaming\npm-cache\_locks\nan-e1b2c1ac635dd437.lock for F:\Columbia\Semester 3\PIE\IntelliBot\node_modules\sleep\node_modules\nan
125 silly install write writing nan 2.4.0 to F:\Columbia\Semester 3\PIE\IntelliBot\node_modules\sleep\node_modules\nan
126 verbose unbuild node_modules\sleep\node_modules\nan
127 silly gentlyRm F:\Columbia\Semester 3\PIE\IntelliBot\node_modules\sleep\node_modules\nan is being purged from base F:\Columbia\Semester 3\PIE\IntelliBot
128 verbose gentlyRm don't care about contents; nuking F:\Columbia\Semester 3\PIE\IntelliBot\node_modules\sleep\node_modules\nan
129 verbose tar unpack C:\Users\Hp\AppData\Roaming\npm-cache\nan\2.4.0\package.tgz
130 verbose tar unpacking to F:\Columbia\Semester 3\PIE\IntelliBot\node_modules\sleep\node_modules\nan
131 silly gentlyRm F:\Columbia\Semester 3\PIE\IntelliBot\node_modules\sleep\node_modules\nan is being purged
132 verbose gentlyRm don't care about contents; nuking F:\Columbia\Semester 3\PIE\IntelliBot\node_modules\sleep\node_modules\nan
133 silly gunzTarPerm modes [ '777', '666' ]
134 silly gunzTarPerm extractEntry package.json
135 silly gunzTarPerm modified mode [ 'package.json', 436, 438 ]
136 silly gunzTarPerm extractEntry README.md
137 silly gunzTarPerm modified mode [ 'README.md', 436, 438 ]
138 silly gunzTarPerm extractEntry include_dirs.js
139 silly gunzTarPerm modified mode [ 'include_dirs.js', 436, 438 ]
140 silly gunzTarPerm extractEntry nan_callbacks_pre_12_inl.h
141 silly gunzTarPerm modified mode [ 'nan_callbacks_pre_12_inl.h', 436, 438 ]
142 silly gunzTarPerm extractEntry CHANGELOG.md
143 silly gunzTarPerm modified mode [ 'CHANGELOG.md', 436, 438 ]
144 silly gunzTarPerm extractEntry LICENSE.md
145 silly gunzTarPerm modified mode [ 'LICENSE.md', 436, 438 ]
146 silly gunzTarPerm extractEntry doc/node_misc.md
147 silly gunzTarPerm modified mode [ 'doc/node_misc.md', 436, 438 ]
148 silly gunzTarPerm extractEntry doc/asyncworker.md
149 silly gunzTarPerm modified mode [ 'doc/asyncworker.md', 436, 438 ]
150 silly gunzTarPerm extractEntry doc/callback.md
151 silly gunzTarPerm modified mode [ 'doc/callback.md', 436, 438 ]
152 silly gunzTarPerm extractEntry doc/converters.md
153 silly gunzTarPerm modified mode [ 'doc/converters.md', 436, 438 ]
154 silly gunzTarPerm extractEntry doc/errors.md
155 silly gunzTarPerm modified mode [ 'doc/errors.md', 436, 438 ]
156 silly gunzTarPerm extractEntry doc/maybe_types.md
157 silly gunzTarPerm modified mode [ 'doc/maybe_types.md', 436, 438 ]
158 silly gunzTarPerm extractEntry doc/methods.md
159 silly gunzTarPerm modified mode [ 'doc/methods.md', 436, 438 ]
160 silly gunzTarPerm extractEntry doc/new.md
161 silly gunzTarPerm modified mode [ 'doc/new.md', 436, 438 ]
162 silly gunzTarPerm extractEntry doc/buffers.md
163 silly gunzTarPerm modified mode [ 'doc/buffers.md', 436, 438 ]
164 silly gunzTarPerm extractEntry doc/object_wrappers.md
165 silly gunzTarPerm modified mode [ 'doc/object_wrappers.md', 436, 438 ]
166 silly gunzTarPerm extractEntry doc/persistent.md
167 silly gunzTarPerm modified mode [ 'doc/persistent.md', 436, 438 ]
168 silly gunzTarPerm extractEntry doc/scopes.md
169 silly gunzTarPerm modified mode [ 'doc/scopes.md', 436, 438 ]
170 silly gunzTarPerm extractEntry doc/script.md
171 silly gunzTarPerm modified mode [ 'doc/script.md', 436, 438 ]
172 silly gunzTarPerm extractEntry doc/string_bytes.md
173 silly gunzTarPerm modified mode [ 'doc/string_bytes.md', 436, 438 ]
174 silly gunzTarPerm extractEntry doc/v8_internals.md
175 silly gunzTarPerm modified mode [ 'doc/v8_internals.md', 436, 438 ]
176 silly gunzTarPerm extractEntry doc/v8_misc.md
177 silly gunzTarPerm modified mode [ 'doc/v8_misc.md', 436, 438 ]
178 silly gunzTarPerm extractEntry nan.h
179 silly gunzTarPerm modified mode [ 'nan.h', 436, 438 ]
180 silly gunzTarPerm extractEntry nan_callbacks.h
181 silly gunzTarPerm modified mode [ 'nan_callbacks.h', 436, 438 ]
182 silly gunzTarPerm extractEntry nan_callbacks_12_inl.h
183 silly gunzTarPerm modified mode [ 'nan_callbacks_12_inl.h', 436, 438 ]
184 silly gunzTarPerm extractEntry nan_converters.h
185 silly gunzTarPerm modified mode [ 'nan_converters.h', 436, 438 ]
186 silly gunzTarPerm extractEntry nan_converters_43_inl.h
187 silly gunzTarPerm modified mode [ 'nan_converters_43_inl.h', 436, 438 ]
188 silly gunzTarPerm extractEntry nan_converters_pre_43_inl.h
189 silly gunzTarPerm modified mode [ 'nan_converters_pre_43_inl.h', 436, 438 ]
190 silly gunzTarPerm extractEntry nan_implementation_12_inl.h
191 silly gunzTarPerm modified mode [ 'nan_implementation_12_inl.h', 436, 438 ]
192 silly gunzTarPerm extractEntry nan_implementation_pre_12_inl.h
193 silly gunzTarPerm modified mode [ 'nan_implementation_pre_12_inl.h', 436, 438 ]
194 silly gunzTarPerm extractEntry nan_maybe_43_inl.h
195 silly gunzTarPerm modified mode [ 'nan_maybe_43_inl.h', 436, 438 ]
196 silly gunzTarPerm extractEntry nan_maybe_pre_43_inl.h
197 silly gunzTarPerm modified mode [ 'nan_maybe_pre_43_inl.h', 436, 438 ]
198 silly gunzTarPerm extractEntry nan_new.h
199 silly gunzTarPerm modified mode [ 'nan_new.h', 436, 438 ]
200 silly gunzTarPerm extractEntry nan_object_wrap.h
201 silly gunzTarPerm modified mode [ 'nan_object_wrap.h', 436, 438 ]
202 silly gunzTarPerm extractEntry nan_persistent_12_inl.h
203 silly gunzTarPerm modified mode [ 'nan_persistent_12_inl.h', 436, 438 ]
204 silly gunzTarPerm extractEntry nan_persistent_pre_12_inl.h
205 silly gunzTarPerm modified mode [ 'nan_persistent_pre_12_inl.h', 436, 438 ]
206 silly gunzTarPerm extractEntry nan_string_bytes.h
207 silly gunzTarPerm modified mode [ 'nan_string_bytes.h', 436, 438 ]
208 silly gunzTarPerm extractEntry nan_typedarray_contents.h
209 silly gunzTarPerm modified mode [ 'nan_typedarray_contents.h', 436, 438 ]
210 silly gunzTarPerm extractEntry nan_weak.h
211 silly gunzTarPerm modified mode [ 'nan_weak.h', 436, 438 ]
212 silly gunzTarPerm extractEntry tools/package.json
213 silly gunzTarPerm modified mode [ 'tools/package.json', 436, 438 ]
214 silly gunzTarPerm extractEntry tools/README.md
215 silly gunzTarPerm modified mode [ 'tools/README.md', 436, 438 ]
216 silly gunzTarPerm extractEntry tools/1to2.js
217 silly gunzTarPerm modified mode [ 'tools/1to2.js', 509, 511 ]
218 verbose write writing to F:\Columbia\Semester 3\PIE\IntelliBot\node_modules\sleep\node_modules\nan\package.json
219 info preinstall nan@2.4.0
220 verbose readDependencies loading dependencies from F:\Columbia\Semester 3\PIE\IntelliBot\node_modules\sleep\node_modules\nan\package.json
221 verbose readDependencies loading dependencies from F:\Columbia\Semester 3\PIE\IntelliBot\node_modules\sleep\node_modules\nan\package.json
222 silly install resolved []
223 verbose about to build F:\Columbia\Semester 3\PIE\IntelliBot\node_modules\sleep\node_modules\nan
224 info build F:\Columbia\Semester 3\PIE\IntelliBot\node_modules\sleep\node_modules\nan
225 info linkStuff nan@2.4.0
226 silly linkStuff nan@2.4.0 has F:\Columbia\Semester 3\PIE\IntelliBot\node_modules\sleep\node_modules as its parent node_modules
227 verbose linkBins nan@2.4.0
228 verbose linkMans nan@2.4.0
229 verbose rebuildBundles nan@2.4.0
230 info install nan@2.4.0
231 info postinstall nan@2.4.0
232 verbose unlock done using C:\Users\Hp\AppData\Roaming\npm-cache\_locks\nan-e1b2c1ac635dd437.lock for F:\Columbia\Semester 3\PIE\IntelliBot\node_modules\sleep\node_modules\nan
233 verbose about to build F:\Columbia\Semester 3\PIE\IntelliBot\node_modules\sleep
234 info build F:\Columbia\Semester 3\PIE\IntelliBot\node_modules\sleep
235 info linkStuff sleep@5.0.0
236 silly linkStuff sleep@5.0.0 has F:\Columbia\Semester 3\PIE\IntelliBot\node_modules as its parent node_modules
237 verbose linkBins sleep@5.0.0
238 verbose linkMans sleep@5.0.0
239 verbose rebuildBundles sleep@5.0.0
240 verbose rebuildBundles [ 'nan' ]
241 info install sleep@5.0.0
242 verbose unsafe-perm in lifecycle true
243 info sleep@5.0.0 Failed to exec install script
244 verbose unlock done using C:\Users\Hp\AppData\Roaming\npm-cache\_locks\sleep-9a387f9acde453ae.lock for F:\Columbia\Semester 3\PIE\IntelliBot\node_modules\sleep
245 verbose stack Error: sleep@5.0.0 install: `node-gyp rebuild`
245 verbose stack Exit status 1
245 verbose stack     at EventEmitter.<anonymous> (C:\Program Files (x86)\nodejs\node_modules\npm\lib\utils\lifecycle.js:217:16)
245 verbose stack     at EventEmitter.emit (events.js:110:17)
245 verbose stack     at ChildProcess.<anonymous> (C:\Program Files (x86)\nodejs\node_modules\npm\lib\utils\spawn.js:24:14)
245 verbose stack     at ChildProcess.emit (events.js:110:17)
245 verbose stack     at maybeClose (child_process.js:1019:16)
245 verbose stack     at Process.ChildProcess._handle.onexit (child_process.js:1091:5)
246 verbose pkgid sleep@5.0.0
247 verbose cwd F:\Columbia\Semester 3\PIE\IntelliBot
248 error Windows_NT 10.0.14393
249 error argv "C:\\Program Files (x86)\\nodejs\\\\node.exe" "C:\\Program Files (x86)\\nodejs\\node_modules\\npm\\bin\\npm-cli.js" "install" "sleep"
250 error node v0.12.14
251 error npm  v2.15.1
252 error code ELIFECYCLE
253 error sleep@5.0.0 install: `node-gyp rebuild`
253 error Exit status 1
254 error Failed at the sleep@5.0.0 install script 'node-gyp rebuild'.
254 error This is most likely a problem with the sleep package,
254 error not with npm itself.
254 error Tell the author that this fails on your system:
254 error     node-gyp rebuild
254 error You can get information on how to open an issue for this project with:
254 error     npm bugs sleep
254 error Or if that isn't available, you can get their info via:
254 error
254 error     npm owner ls sleep
254 error There is likely additional logging output above.
255 verbose exit [ 1, true ]
256 verbose unbuild node_modules\sleep
257 info preuninstall sleep@5.0.0
258 info uninstall sleep@5.0.0
259 verbose unbuild rmStuff sleep@5.0.0 from F:\Columbia\Semester 3\PIE\IntelliBot\node_modules
260 info postuninstall sleep@5.0.0
261 silly gentlyRm F:\Columbia\Semester 3\PIE\IntelliBot\node_modules\sleep is being purged from base F:\Columbia\Semester 3\PIE\IntelliBot
262 verbose gentlyRm don't care about contents; nuking F:\Columbia\Semester 3\PIE\IntelliBot\node_modules\sleep
263 silly vacuum-fs purging F:\Columbia\Semester 3\PIE\IntelliBot\node_modules\sleep
264 silly vacuum-fs quitting because other entries in F:\Columbia\Semester 3\PIE\IntelliBot\node_modules
